  test.cpp
D:\大学资料\课程资料\计算机图形学\作业\model_test\work\mesh.h(105,1): warning C4267: “参数”: 从“size_t”转换到“GLsizei”，可能丢失数据
D:\大学资料\课程资料\计算机图形学\作业\model_test\work\model.h(101,30): warning C4244: “=”: 从“double”转换到“T”，可能丢失数据
          with
          [
              T=float
          ]
D:\大学资料\课程资料\计算机图形学\作业\model_test\work\model.h(102,30): warning C4244: “=”: 从“double”转换到“T”，可能丢失数据
          with
          [
              T=float
          ]
D:\大学资料\课程资料\计算机图形学\作业\model_test\work\model.h(103,30): warning C4244: “=”: 从“double”转换到“T”，可能丢失数据
          with
          [
              T=float
          ]
D:\大学资料\课程资料\计算机图形学\作业\model_test\work\model.h(121,29): warning C4244: “=”: 从“double”转换到“T”，可能丢失数据
          with
          [
              T=float
          ]
D:\大学资料\课程资料\计算机图形学\作业\model_test\work\test.cpp(96,22): warning C4244: “初始化”: 从“double”转换到“float”，可能丢失数据
D:\大学资料\课程资料\计算机图形学\作业\model_test\work\test.cpp(196,11): warning C4244: “=”: 从“double”转换到“float”，可能丢失数据
D:\大学资料\课程资料\计算机图形学\作业\model_test\work\test.cpp(197,11): warning C4244: “=”: 从“double”转换到“float”，可能丢失数据
D:\大学资料\课程资料\计算机图形学\作业\model_test\work\test.cpp(201,16): warning C4244: “初始化”: 从“double”转换到“float”，可能丢失数据
D:\大学资料\课程资料\计算机图形学\作业\model_test\work\test.cpp(202,16): warning C4244: “初始化”: 从“double”转换到“float”，可能丢失数据
D:\大学资料\课程资料\计算机图形学\作业\model_test\work\test.cpp(204,10): warning C4244: “=”: 从“double”转换到“float”，可能丢失数据
D:\大学资料\课程资料\计算机图形学\作业\model_test\work\test.cpp(205,10): warning C4244: “=”: 从“double”转换到“float”，可能丢失数据
D:\大学资料\课程资料\计算机图形学\作业\model_test\work\test.cpp(214,28): warning C4244: “参数”: 从“double”转换到“float”，可能丢失数据
  正在生成代码
  1 of 802 functions ( 0.1%) were compiled, the rest were copied from previous compilation.
    0 functions were new in current compilation
    8 functions had inline decision re-evaluated but remain unchanged
  已完成代码的生成
  work.vcxproj -> D:\大学资料\课程资料\计算机图形学\作业\model_test\x64\Release\work.exe
