  main_vampire.cpp
C:\computerGraphics\dancingRobot\dancingRobot\learnopengl\bone.h(45,20): warning C4244: “初始化”: 从“double”转换到“float”，可能丢失数据
C:\computerGraphics\dancingRobot\dancingRobot\learnopengl\bone.h(56,20): warning C4244: “初始化”: 从“double”转换到“float”，可能丢失数据
C:\computerGraphics\dancingRobot\dancingRobot\learnopengl\bone.h(67,20): warning C4244: “初始化”: 从“double”转换到“float”，可能丢失数据
C:\computerGraphics\dancingRobot\dancingRobot\learnopengl\model_animation.h(175,37): warning C4018: “<”: 有符号/无符号不匹配
C:\computerGraphics\dancingRobot\dancingRobot\learnopengl\animation.h(31,25): warning C4244: “=”: 从“double”转换到“float”，可能丢失数据
C:\computerGraphics\dancingRobot\dancingRobot\learnopengl\animation.h(32,31): warning C4244: “=”: 从“double”转换到“int”，可能丢失数据
C:\computerGraphics\dancingRobot\dancingRobot\learnopengl\animation.h(56,44): warning C4244: “return”: 从“int”转换到“float”，可能丢失数据
C:\computerGraphics\dancingRobot\dancingRobot\learnopengl\animation.h(98,21): warning C4018: “<”: 有符号/无符号不匹配
C:\computerGraphics\dancingRobot\dancingRobot\main_vampire.cpp(103,22): warning C4244: “初始化”: 从“double”转换到“float”，可能丢失数据
C:\computerGraphics\dancingRobot\dancingRobot\main_vampire.cpp(183,11): warning C4244: “=”: 从“double”转换到“float”，可能丢失数据
C:\computerGraphics\dancingRobot\dancingRobot\main_vampire.cpp(184,11): warning C4244: “=”: 从“double”转换到“float”，可能丢失数据
C:\computerGraphics\dancingRobot\dancingRobot\main_vampire.cpp(188,16): warning C4244: “初始化”: 从“double”转换到“float”，可能丢失数据
C:\computerGraphics\dancingRobot\dancingRobot\main_vampire.cpp(189,16): warning C4244: “初始化”: 从“double”转换到“float”，可能丢失数据
C:\computerGraphics\dancingRobot\dancingRobot\main_vampire.cpp(191,10): warning C4244: “=”: 从“double”转换到“float”，可能丢失数据
C:\computerGraphics\dancingRobot\dancingRobot\main_vampire.cpp(192,10): warning C4244: “=”: 从“double”转换到“float”，可能丢失数据
C:\computerGraphics\dancingRobot\dancingRobot\main_vampire.cpp(201,28): warning C4244: “参数”: 从“double”转换到“float”，可能丢失数据
C:\computerGraphics\dancingRobot\dancingRobot\learnopengl\bone.h(96): warning C4715: “Bone::GetPositionIndex”: 不是所有的控件路径都返回值
C:\computerGraphics\dancingRobot\dancingRobot\learnopengl\bone.h(106): warning C4715: “Bone::GetRotationIndex”: 不是所有的控件路径都返回值
C:\computerGraphics\dancingRobot\dancingRobot\learnopengl\bone.h(116): warning C4715: “Bone::GetScaleIndex”: 不是所有的控件路径都返回值
  dancingRobot.vcxproj -> C:\computerGraphics\dancingRobot\x64\Debug\dancingRobot.exe
