  glad.c
  main_vampire.cpp
D:\TestCodes\OpenGL\workSpace\ComputerGraphicsFinal\model\dancingRobot\learnopengl\bone.h(45,20): warning C4244: “初始化”: 从“double”转换到“float”，可能丢失数据
D:\TestCodes\OpenGL\workSpace\ComputerGraphicsFinal\model\dancingRobot\learnopengl\bone.h(56,20): warning C4244: “初始化”: 从“double”转换到“float”，可能丢失数据
D:\TestCodes\OpenGL\workSpace\ComputerGraphicsFinal\model\dancingRobot\learnopengl\bone.h(67,20): warning C4244: “初始化”: 从“double”转换到“float”，可能丢失数据
D:\TestCodes\OpenGL\workSpace\ComputerGraphicsFinal\model\dancingRobot\learnopengl\model_animation.h(175,37): warning C4018: “<”: 有符号/无符号不匹配
D:\TestCodes\OpenGL\workSpace\ComputerGraphicsFinal\model\dancingRobot\learnopengl\animation.h(31,25): warning C4244: “=”: 从“double”转换到“float”，可能丢失数据
D:\TestCodes\OpenGL\workSpace\ComputerGraphicsFinal\model\dancingRobot\learnopengl\animation.h(32,31): warning C4244: “=”: 从“double”转换到“int”，可能丢失数据
D:\TestCodes\OpenGL\workSpace\ComputerGraphicsFinal\model\dancingRobot\learnopengl\animation.h(56,44): warning C4244: “return”: 从“int”转换到“float”，可能丢失数据
D:\TestCodes\OpenGL\workSpace\ComputerGraphicsFinal\model\dancingRobot\learnopengl\animation.h(98,21): warning C4018: “<”: 有符号/无符号不匹配
D:\TestCodes\OpenGL\workSpace\ComputerGraphicsFinal\model\dancingRobot\main_vampire.cpp(103,22): warning C4244: “初始化”: 从“double”转换到“float”，可能丢失数据
D:\TestCodes\OpenGL\workSpace\ComputerGraphicsFinal\model\dancingRobot\main_vampire.cpp(183,11): warning C4244: “=”: 从“double”转换到“float”，可能丢失数据
D:\TestCodes\OpenGL\workSpace\ComputerGraphicsFinal\model\dancingRobot\main_vampire.cpp(184,11): warning C4244: “=”: 从“double”转换到“float”，可能丢失数据
D:\TestCodes\OpenGL\workSpace\ComputerGraphicsFinal\model\dancingRobot\main_vampire.cpp(188,16): warning C4244: “初始化”: 从“double”转换到“float”，可能丢失数据
D:\TestCodes\OpenGL\workSpace\ComputerGraphicsFinal\model\dancingRobot\main_vampire.cpp(189,16): warning C4244: “初始化”: 从“double”转换到“float”，可能丢失数据
D:\TestCodes\OpenGL\workSpace\ComputerGraphicsFinal\model\dancingRobot\main_vampire.cpp(191,10): warning C4244: “=”: 从“double”转换到“float”，可能丢失数据
D:\TestCodes\OpenGL\workSpace\ComputerGraphicsFinal\model\dancingRobot\main_vampire.cpp(192,10): warning C4244: “=”: 从“double”转换到“float”，可能丢失数据
D:\TestCodes\OpenGL\workSpace\ComputerGraphicsFinal\model\dancingRobot\main_vampire.cpp(201,28): warning C4244: “参数”: 从“double”转换到“float”，可能丢失数据
D:\TestCodes\OpenGL\workSpace\ComputerGraphicsFinal\model\dancingRobot\learnopengl\bone.h(116): warning C4715: “Bone::GetScaleIndex”: 不是所有的控件路径都返回值
D:\TestCodes\OpenGL\workSpace\ComputerGraphicsFinal\model\dancingRobot\learnopengl\bone.h(96): warning C4715: “Bone::GetPositionIndex”: 不是所有的控件路径都返回值
D:\TestCodes\OpenGL\workSpace\ComputerGraphicsFinal\model\dancingRobot\learnopengl\bone.h(106): warning C4715: “Bone::GetRotationIndex”: 不是所有的控件路径都返回值
glfw3.lib(init.obj) : warning LNK4099: 未找到 PDB“glfw3.pdb”(使用“glfw3.lib(init.obj)”或在“D:\TestCodes\OpenGL\workSpace\ComputerGraphicsFinal\model\x64\Debug\glfw3.pdb”中寻找)；正在链接对象，如同没有调试信息一样
glfw3.lib(window.obj) : warning LNK4099: 未找到 PDB“glfw3.pdb”(使用“glfw3.lib(window.obj)”或在“D:\TestCodes\OpenGL\workSpace\ComputerGraphicsFinal\model\x64\Debug\glfw3.pdb”中寻找)；正在链接对象，如同没有调试信息一样
glfw3.lib(input.obj) : warning LNK4099: 未找到 PDB“glfw3.pdb”(使用“glfw3.lib(input.obj)”或在“D:\TestCodes\OpenGL\workSpace\ComputerGraphicsFinal\model\x64\Debug\glfw3.pdb”中寻找)；正在链接对象，如同没有调试信息一样
glfw3.lib(context.obj) : warning LNK4099: 未找到 PDB“glfw3.pdb”(使用“glfw3.lib(context.obj)”或在“D:\TestCodes\OpenGL\workSpace\ComputerGraphicsFinal\model\x64\Debug\glfw3.pdb”中寻找)；正在链接对象，如同没有调试信息一样
glfw3.lib(win32_init.obj) : warning LNK4099: 未找到 PDB“glfw3.pdb”(使用“glfw3.lib(win32_init.obj)”或在“D:\TestCodes\OpenGL\workSpace\ComputerGraphicsFinal\model\x64\Debug\glfw3.pdb”中寻找)；正在链接对象，如同没有调试信息一样
glfw3.lib(win32_monitor.obj) : warning LNK4099: 未找到 PDB“glfw3.pdb”(使用“glfw3.lib(win32_monitor.obj)”或在“D:\TestCodes\OpenGL\workSpace\ComputerGraphicsFinal\model\x64\Debug\glfw3.pdb”中寻找)；正在链接对象，如同没有调试信息一样
glfw3.lib(win32_time.obj) : warning LNK4099: 未找到 PDB“glfw3.pdb”(使用“glfw3.lib(win32_time.obj)”或在“D:\TestCodes\OpenGL\workSpace\ComputerGraphicsFinal\model\x64\Debug\glfw3.pdb”中寻找)；正在链接对象，如同没有调试信息一样
glfw3.lib(win32_thread.obj) : warning LNK4099: 未找到 PDB“glfw3.pdb”(使用“glfw3.lib(win32_thread.obj)”或在“D:\TestCodes\OpenGL\workSpace\ComputerGraphicsFinal\model\x64\Debug\glfw3.pdb”中寻找)；正在链接对象，如同没有调试信息一样
glfw3.lib(monitor.obj) : warning LNK4099: 未找到 PDB“glfw3.pdb”(使用“glfw3.lib(monitor.obj)”或在“D:\TestCodes\OpenGL\workSpace\ComputerGraphicsFinal\model\x64\Debug\glfw3.pdb”中寻找)；正在链接对象，如同没有调试信息一样
glfw3.lib(vulkan.obj) : warning LNK4099: 未找到 PDB“glfw3.pdb”(使用“glfw3.lib(vulkan.obj)”或在“D:\TestCodes\OpenGL\workSpace\ComputerGraphicsFinal\model\x64\Debug\glfw3.pdb”中寻找)；正在链接对象，如同没有调试信息一样
glfw3.lib(win32_window.obj) : warning LNK4099: 未找到 PDB“glfw3.pdb”(使用“glfw3.lib(win32_window.obj)”或在“D:\TestCodes\OpenGL\workSpace\ComputerGraphicsFinal\model\x64\Debug\glfw3.pdb”中寻找)；正在链接对象，如同没有调试信息一样
glfw3.lib(win32_joystick.obj) : warning LNK4099: 未找到 PDB“glfw3.pdb”(使用“glfw3.lib(win32_joystick.obj)”或在“D:\TestCodes\OpenGL\workSpace\ComputerGraphicsFinal\model\x64\Debug\glfw3.pdb”中寻找)；正在链接对象，如同没有调试信息一样
glfw3.lib(wgl_context.obj) : warning LNK4099: 未找到 PDB“glfw3.pdb”(使用“glfw3.lib(wgl_context.obj)”或在“D:\TestCodes\OpenGL\workSpace\ComputerGraphicsFinal\model\x64\Debug\glfw3.pdb”中寻找)；正在链接对象，如同没有调试信息一样
glfw3.lib(egl_context.obj) : warning LNK4099: 未找到 PDB“glfw3.pdb”(使用“glfw3.lib(egl_context.obj)”或在“D:\TestCodes\OpenGL\workSpace\ComputerGraphicsFinal\model\x64\Debug\glfw3.pdb”中寻找)；正在链接对象，如同没有调试信息一样
glfw3.lib(osmesa_context.obj) : warning LNK4099: 未找到 PDB“glfw3.pdb”(使用“glfw3.lib(osmesa_context.obj)”或在“D:\TestCodes\OpenGL\workSpace\ComputerGraphicsFinal\model\x64\Debug\glfw3.pdb”中寻找)；正在链接对象，如同没有调试信息一样
  dancingRobot.vcxproj -> D:\TestCodes\OpenGL\workSpace\ComputerGraphicsFinal\model\x64\Debug\dancingRobot.exe
